Started at Mon Feb 13 06:04:07 UTC 2023
Processing ansible job
Offering ansible job to Project Build Discarder
Processing Challenge1 Job
Offering Challenge1 Job to Project Build Discarder
Processing db backup to s3
Offering db backup to s3 to Project Build Discarder
Processing User Table Feed for Challenge1
Offering User Table Feed for Challenge1 to Project Build Discarder
Finished at Mon Feb 13 06:04:07 UTC 2023. 5ms
Started at Mon Feb 13 06:59:58 UTC 2023
Processing ansible job
Offering ansible job to Project Build Discarder
Processing Challenge1 Job
Offering Challenge1 Job to Project Build Discarder
Processing db backup to s3
Offering db backup to s3 to Project Build Discarder
Processing User Table Feed for Challenge1
Offering User Table Feed for Challenge1 to Project Build Discarder
Finished at Mon Feb 13 06:59:58 UTC 2023. 2ms
Started at Mon Feb 13 07:59:58 UTC 2023
Processing ansible job
Offering ansible job to Project Build Discarder
Processing Challenge1 Job
Offering Challenge1 Job to Project Build Discarder
Processing db backup to s3
Offering db backup to s3 to Project Build Discarder
Processing User Table Feed for Challenge1
Offering User Table Feed for Challenge1 to Project Build Discarder
Finished at Mon Feb 13 07:59:58 UTC 2023. 7ms
Started at Mon Feb 13 09:02:10 UTC 2023
Processing ansible job
Offering ansible job to Project Build Discarder
Processing Challenge1 Job
Offering Challenge1 Job to Project Build Discarder
Processing db backup to s3
Offering db backup to s3 to Project Build Discarder
Processing User Table Feed for Challenge1
Offering User Table Feed for Challenge1 to Project Build Discarder
Finished at Mon Feb 13 09:02:10 UTC 2023. 2ms
Started at Mon Feb 13 09:59:58 UTC 2023
Processing ansible job
Offering ansible job to Project Build Discarder
Processing Challenge1 Job
Offering Challenge1 Job to Project Build Discarder
Processing db backup to s3
Offering db backup to s3 to Project Build Discarder
Processing User Table Feed for Challenge1
Offering User Table Feed for Challenge1 to Project Build Discarder
Finished at Mon Feb 13 09:59:58 UTC 2023. 6ms
Started at Mon Feb 13 12:45:16 UTC 2023
Processing ansible job
Offering ansible job to Project Build Discarder
Processing Challenge1 Job
Offering Challenge1 Job to Project Build Discarder
Processing db backup to s3
Offering db backup to s3 to Project Build Discarder
Processing User Table Feed for Challenge1
Offering User Table Feed for Challenge1 to Project Build Discarder
Finished at Mon Feb 13 12:45:16 UTC 2023. 18ms
Started at Mon Feb 13 12:59:57 UTC 2023
Processing ansible job
Offering ansible job to Project Build Discarder
Processing Challenge1 Job
Offering Challenge1 Job to Project Build Discarder
Processing db backup to s3
Offering db backup to s3 to Project Build Discarder
Processing User Table Feed for Challenge1
Offering User Table Feed for Challenge1 to Project Build Discarder
Finished at Mon Feb 13 12:59:57 UTC 2023. 2ms
